0 info it worked if it ends with ok
1 verbose cli [ '/home/freitas/.nvm/versions/node/v7.7.4/bin/node',
1 verbose cli   '/home/freitas/.nvm/versions/node/v7.7.4/bin/npm',
1 verbose cli   'start' ]
2 info using npm@4.1.2
3 info using node@v7.7.4
4 verbose stack Error: Invalid name: "APIx 2017 Microservice phone"
4 verbose stack     at ensureValidName (/home/freitas/.nvm/versions/node/v7.7.4/lib/node_modules/npm/node_modules/normalize-package-data/lib/fixer.js:336:15)
4 verbose stack     at Object.fixNameField (/home/freitas/.nvm/versions/node/v7.7.4/lib/node_modules/npm/node_modules/normalize-package-data/lib/fixer.js:215:5)
4 verbose stack     at /home/freitas/.nvm/versions/node/v7.7.4/lib/node_modules/npm/node_modules/normalize-package-data/lib/normalize.js:32:38
4 verbose stack     at Array.forEach (native)
4 verbose stack     at normalize (/home/freitas/.nvm/versions/node/v7.7.4/lib/node_modules/npm/node_modules/normalize-package-data/lib/normalize.js:31:15)
4 verbose stack     at final (/home/freitas/.nvm/versions/node/v7.7.4/lib/node_modules/npm/node_modules/read-package-json/read-json.js:349:5)
4 verbose stack     at then (/home/freitas/.nvm/versions/node/v7.7.4/lib/node_modules/npm/node_modules/read-package-json/read-json.js:124:5)
4 verbose stack     at /home/freitas/.nvm/versions/node/v7.7.4/lib/node_modules/npm/node_modules/read-package-json/read-json.js:311:12
4 verbose stack     at /home/freitas/.nvm/versions/node/v7.7.4/lib/node_modules/npm/node_modules/graceful-fs/graceful-fs.js:78:16
4 verbose stack     at tryToString (fs.js:449:3)
5 verbose cwd /home/freitas/Documents/node-projects/apix2017-microservice-phone
6 error Linux 4.8.0-36-generic
7 error argv "/home/freitas/.nvm/versions/node/v7.7.4/bin/node" "/home/freitas/.nvm/versions/node/v7.7.4/bin/npm" "start"
8 error node v7.7.4
9 error npm  v4.1.2
10 error Invalid name: "APIx 2017 Microservice phone"
11 error If you need help, you may report this error at:
11 error     <https://github.com/npm/npm/issues>
12 verbose exit [ 1, true ]
